Making check in intl
make[1]: Entering directory `/cygdrive/k/Textproc/grep/2.5.1a/grep-2.5.1a/intl'
make[1]: Niets te doen voor `check'.
make[1]: Leaving directory `/cygdrive/k/Textproc/grep/2.5.1a/grep-2.5.1a/intl'
Making check in po
make[1]: Entering directory `/cygdrive/k/Textproc/grep/2.5.1a/grep-2.5.1a/po'
make[1]: Leaving directory `/cygdrive/k/Textproc/grep/2.5.1a/grep-2.5.1a/po'
Making check in lib
make[1]: Entering directory `/cygdrive/k/Textproc/grep/2.5.1a/grep-2.5.1a/lib'
Making check in posix
make[2]: Entering directory `/cygdrive/k/Textproc/grep/2.5.1a/grep-2.5.1a/lib/posix'
make[2]: Niets te doen voor `check'.
make[2]: Leaving directory `/cygdrive/k/Textproc/grep/2.5.1a/grep-2.5.1a/lib/posix'
make[2]: Entering directory `/cygdrive/k/Textproc/grep/2.5.1a/grep-2.5.1a/lib'
make[2]: Niets te doen voor `check-am'.
make[2]: Leaving directory `/cygdrive/k/Textproc/grep/2.5.1a/grep-2.5.1a/lib'
make[1]: Leaving directory `/cygdrive/k/Textproc/grep/2.5.1a/grep-2.5.1a/lib'
Making check in doc
make[1]: Entering directory `/cygdrive/k/Textproc/grep/2.5.1a/grep-2.5.1a/doc'
make[1]: Leaving directory `/cygdrive/k/Textproc/grep/2.5.1a/grep-2.5.1a/doc'
Making check in src
make[1]: Entering directory `/cygdrive/k/Textproc/grep/2.5.1a/grep-2.5.1a/src'
make[1]: Niets te doen voor `check'.
make[1]: Leaving directory `/cygdrive/k/Textproc/grep/2.5.1a/grep-2.5.1a/src'
Making check in tests
make[1]: Entering directory `/cygdrive/k/Textproc/grep/2.5.1a/grep-2.5.1a/tests'
make  check-TESTS
make[2]: Entering directory `/cygdrive/k/Textproc/grep/2.5.1a/grep-2.5.1a/tests'

Please, do not be alarmed if some of the tests failed.
Report them to <bug-grep@gnu.org>,
with the line number, the name of the file,
and grep version number 'grep --version'.
Thank You.

PASS: warning.sh
PASS: khadafy.sh
PASS: spencer1.sh
PASS: bre.sh
PASS: ere.sh
PASS: status.sh
PASS: empty.sh
PASS: options.sh
PASS: backref.sh
PASS: file.sh
===================
All 10 tests passed
===================
make[2]: Leaving directory `/cygdrive/k/Textproc/grep/2.5.1a/grep-2.5.1a/tests'
make[1]: Leaving directory `/cygdrive/k/Textproc/grep/2.5.1a/grep-2.5.1a/tests'
Making check in m4
make[1]: Entering directory `/cygdrive/k/Textproc/grep/2.5.1a/grep-2.5.1a/m4'
make[1]: Niets te doen voor `check'.
make[1]: Leaving directory `/cygdrive/k/Textproc/grep/2.5.1a/grep-2.5.1a/m4'
Making check in vms
make[1]: Entering directory `/cygdrive/k/Textproc/grep/2.5.1a/grep-2.5.1a/vms'
make[1]: Niets te doen voor `check'.
make[1]: Leaving directory `/cygdrive/k/Textproc/grep/2.5.1a/grep-2.5.1a/vms'
Making check in bootstrap
make[1]: Entering directory `/cygdrive/k/Textproc/grep/2.5.1a/grep-2.5.1a/bootstrap'
make[1]: Niets te doen voor `check'.
make[1]: Leaving directory `/cygdrive/k/Textproc/grep/2.5.1a/grep-2.5.1a/bootstrap'
make[1]: Entering directory `/cygdrive/k/Textproc/grep/2.5.1a/grep-2.5.1a'
make[1]: Leaving directory `/cygdrive/k/Textproc/grep/2.5.1a/grep-2.5.1a'
